<?xml version="1.0" encoding="UTF-8"?>
<!-- Generated by org.testng.reporters.JUnitReportReporter -->
<testsuite hostname="Dell-Laptop-2nd-Floor-room1" failures="0" tests="3" name="data_driven_testing.LearnDataProvider" time="13.586" errors="0" timestamp="2024-01-09T08:53:15 IST" skipped="0">
  <testcase classname="data_driven_testing.LearnDataProvider" name="demo" time="6.017"/>
  <testcase classname="data_driven_testing.LearnDataProvider" name="demo" time="3.963"/>
  <testcase classname="data_driven_testing.LearnDataProvider" name="demo" time="3.606"/>
</testsuite> <!-- data_driven_testing.LearnDataProvider -->
